<?xml version="1.0" encoding="UTF-8"?>
<!-- Generated by org.testng.reporters.JUnitReportReporter -->
<testsuite hostname="MSI" failures="0" tests="1" name="POM_in_Selenium.POMinSelenium.LoginTest" time="28.985" errors="0" timestamp="19 Feb 2024 17:07:04 GMT">
  <testcase classname="POM_in_Selenium.POMinSelenium.LoginTest" name="loginTest" time="28.985"/>
</testsuite> <!-- POM_in_Selenium.POMinSelenium.LoginTest -->
